<?xml version="1.0" encoding="UTF-8"?>
<testng-results ignored="0" total="1" passed="1" failed="0" skipped="0">
  <reporter-output>
  </reporter-output>
  <suite started-at="2022-05-24T01:20:38 IST" name="Default Suite" finished-at="2022-05-24T01:20:38 IST" duration-ms="172">
    <groups>
    </groups>
    <test started-at="2022-05-24T01:20:38 IST" name="myfirstproject" finished-at="2022-05-24T01:20:38 IST" duration-ms="172">
      <class name="testng.ExtentReportExample">
        <test-method is-config="true" signature="beforeTest()[pri:0, instance:testng.ExtentReportExample@55dfcc6]" started-at="2022-05-24T01:20:38 IST" name="beforeTest" finished-at="2022-05-24T01:20:38 IST" duration-ms="47" status="PASS">
          <reporter-output>
          </reporter-output>
        </test-method> <!-- beforeTest -->
        <test-method signature="verifyTest1()[pri:0, instance:testng.ExtentReportExample@55dfcc6]" started-at="2022-05-24T01:20:38 IST" name="verifyTest1" finished-at="2022-05-24T01:20:38 IST" duration-ms="25" status="PASS">
          <reporter-output>
          </reporter-output>
        </test-method> <!-- verifyTest1 -->
      </class> <!-- testng.ExtentReportExample -->
    </test> <!-- myfirstproject -->
  </suite> <!-- Default Suite -->
</testng-results>
